0 info it worked if it ends with ok
1 verbose cli [ '/home/ubuntu/bin/node-v0.12.7-linux-x64/bin/node',
1 verbose cli   '/home/ubuntu/bin/node-v0.12.7-linux-x64/bin/npm',
1 verbose cli   'run',
1 verbose cli   'test' ]
2 info using npm@2.11.3
3 info using node@v0.12.7
4 verbose run-script [ 'pretest', 'test', 'posttest' ]
5 info pretest project-one@1.0.0
6 info test project-one@1.0.0
7 verbose unsafe-perm in lifecycle true
8 info project-one@1.0.0 Failed to exec test script
9 verbose stack Error: project-one@1.0.0 test: `tsc && concurrently "tsc -w" "karma start karma.conf.js"`
9 verbose stack Exit status 2
9 verbose stack     at EventEmitter.<anonymous> (/home/ubuntu/bin/node-v0.12.7-linux-x64/lib/node_modules/npm/lib/utils/lifecycle.js:213:16)
9 verbose stack     at EventEmitter.emit (events.js:110:17)
9 verbose stack     at ChildProcess.<anonymous> (/home/ubuntu/bin/node-v0.12.7-linux-x64/lib/node_modules/npm/lib/utils/spawn.js:24:14)
9 verbose stack     at ChildProcess.emit (events.js:110:17)
9 verbose stack     at maybeClose (child_process.js:1015:16)
9 verbose stack     at Process.ChildProcess._handle.onexit (child_process.js:1087:5)
10 verbose pkgid project-one@1.0.0
11 verbose cwd /home/ubuntu/projects/project-one
12 error Linux 4.4.0-38-generic
13 error argv "/home/ubuntu/bin/node-v0.12.7-linux-x64/bin/node" "/home/ubuntu/bin/node-v0.12.7-linux-x64/bin/npm" "run" "test"
14 error node v0.12.7
15 error npm  v2.11.3
16 error code ELIFECYCLE
17 error project-one@1.0.0 test: `tsc && concurrently "tsc -w" "karma start karma.conf.js"`
17 error Exit status 2
18 error Failed at the project-one@1.0.0 test script 'tsc && concurrently "tsc -w" "karma start karma.conf.js"'.
18 error This is most likely a problem with the project-one package,
18 error not with npm itself.
18 error Tell the author that this fails on your system:
18 error     tsc && concurrently "tsc -w" "karma start karma.conf.js"
18 error You can get their info via:
18 error     npm owner ls project-one
18 error There is likely additional logging output above.
19 verbose exit [ 1, true ]
